#
# A fatal error has been detected by the Java Runtime Environment:
#
#  Internal Error (javaClasses.cpp:126), pid=6240, tid=6508
#  fatal error: Invalid layout of preloaded class
#
# JRE version:  (8.0_25-b18) (build )
# Java VM: Java HotSpot(TM) 64-Bit Server VM (25.25-b02 mixed mode windows-amd64 compressed oops)
# Failed to write core dump. Minidumps are not enabled by default on client versions of Windows
#
# If you would like to submit a bug report, please visit:
#   http://bugreport.sun.com/bugreport/crash.jsp
#

---------------  T H R E A D  ---------------

Current thread (0x000000000019e000):  JavaThread "Unknown thread" [_thread_in_vm, id=6508, stack(0x00000000027d0000,0x00000000028d0000)]

Stack: [0x00000000027d0000,0x00000000028d0000]
Native frames: (J=compiled Java code, j=interpreted, Vv=VM code, C=native code)
V  [jvm.dll+0x31667a]
V  [jvm.dll+0x267073]
V  [jvm.dll+0x267cb3]
V  [jvm.dll+0x25f536]
V  [jvm.dll+0x5e773]
V  [jvm.dll+0x5e863]
V  [jvm.dll+0x731ca]
V  [jvm.dll+0x73528]
V  [jvm.dll+0xe48b7]
V  [jvm.dll+0xe4c46]
V  [jvm.dll+0x1f9ae7]
V  [jvm.dll+0x22b2e4]
V  [jvm.dll+0x14d571]
C  [javaw.exe+0x20c6]
C  [javaw.exe+0xc9eb]
C  [javaw.exe+0xca7f]
C  [kernel32.dll+0x159cd]
C  [ntdll.dll+0x2b891]


---------------  P R O C E S S  ---------------

Java Threads: ( => current thread )

Other Threads:

=>0x000000000019e000 (exited) JavaThread "Unknown thread" [_thread_in_vm, id=6508, stack(0x00000000027d0000,0x00000000028d0000)]

VM state:not at safepoint (not fully initialized)

VM Mutex/Monitor currently owned by a thread: None

GC Heap History (0 events):
No events

Deoptimization events (0 events):
No events

Internal exceptions (0 events):
No events

Events (10 events):
Event: 0.065 loading class java/lang/CharSequence done
Event: 0.065 loading class java/lang/String done
Event: 0.065 loading class java/lang/Class
Event: 0.066 loading class java/lang/reflect/AnnotatedElement
Event: 0.066 loading class java/lang/reflect/AnnotatedElement done
Event: 0.066 loading class java/lang/reflect/GenericDeclaration
Event: 0.066 loading class java/lang/reflect/GenericDeclaration done
Event: 0.066 loading class java/lang/reflect/Type
Event: 0.066 loading class java/lang/reflect/Type done
Event: 0.066 loading class java/lang/Class done


Dynamic libraries:
0x000000013f290000 - 0x000000013f2c4000 	C:\Program Files\Java\jre1.8.0_25\bin\javaw.exe
0x00000000774f0000 - 0x0000000077698000 	C:\Windows\SYSTEM32\ntdll.dll
0x00000000772d0000 - 0x00000000773ef000 	C:\Windows\system32\kernel32.dll
0x000007fefd340000 - 0x000007fefd3ac000 	C:\Windows\system32\KERNELBASE.dll
0x000007fefde80000 - 0x000007fefdf5b000 	C:\Windows\system32\ADVAPI32.dll
0x000007fefe170000 - 0x000007fefe20f000 	C:\Windows\system32\msvcrt.dll
0x000007feff470000 - 0x000007feff48f000 	C:\Windows\SYSTEM32\sechost.dll
0x000007fefd6e0000 - 0x000007fefd80d000 	C:\Windows\system32\RPCRT4.dll
0x00000000773f0000 - 0x00000000774ea000 	C:\Windows\system32\USER32.dll
0x000007fefd670000 - 0x000007fefd6d7000 	C:\Windows\system32\GDI32.dll
0x000007fefde70000 - 0x000007fefde7e000 	C:\Windows\system32\LPK.dll
0x000007feff100000 - 0x000007feff1c9000 	C:\Windows\system32\USP10.dll
0x000007fefb900000 - 0x000007fefbaf4000 	C:\Windows\WinSxS\amd64_microsoft.windows.common-controls_6595b64144ccf1df_6.0.7601.17514_none_fa396087175ac9ac\COMCTL32.dll
0x000007fefd830000 - 0x000007fefd8a1000 	C:\Windows\system32\SHLWAPI.dll
0x000007fefe210000 - 0x000007fefe23e000 	C:\Windows\system32\IMM32.DLL
0x000007feff1d0000 - 0x000007feff2d9000 	C:\Windows\system32\MSCTF.dll
0x0000000058560000 - 0x0000000058632000 	C:\Program Files\Java\jre1.8.0_25\bin\msvcr100.dll
0x0000000067960000 - 0x00000000681ba000 	C:\Program Files\Java\jre1.8.0_25\bin\server\jvm.dll
0x000007fef8310000 - 0x000007fef8319000 	C:\Windows\system32\WSOCK32.dll
0x000007feff2e0000 - 0x000007feff32d000 	C:\Windows\system32\WS2_32.dll
0x000007fefe240000 - 0x000007fefe248000 	C:\Windows\system32\NSI.dll
0x000007fefb0a0000 - 0x000007fefb0db000 	C:\Windows\system32\WINMM.dll
0x00000000776c0000 - 0x00000000776c7000 	C:\Windows\system32\PSAPI.DLL
0x0000000071630000 - 0x000000007163f000 	C:\Program Files\Java\jre1.8.0_25\bin\verify.dll
0x0000000071600000 - 0x0000000071628000 	C:\Program Files\Java\jre1.8.0_25\bin\java.dll
0x00000000709c0000 - 0x00000000709d6000 	C:\Program Files\Java\jre1.8.0_25\bin\zip.dll
0x000007fef9650000 - 0x000007fef9775000 	C:\Windows\system32\dbghelp.dll

VM Arguments:
jvm_args: -Dfile.encoding=GBK -Xbootclasspath:E:\adt-bundle-windows-x86\sdk\platforms\android-14\android.jar 
java_command: org.eclipse.jdt.internal.junit.runner.RemoteTestRunner -version 3 -port 64692 -testLoaderClass org.eclipse.jdt.internal.junit4.runner.JUnit4TestLoader -loaderpluginname org.eclipse.jdt.junit4.runtime -classNames com.music.util.impl.Lrc
java_class_path (initial): F:\music\MusicApp\bin\classes;F:\music\appcompat_v7\libs\android-support-v4.jar;F:\music\appcompat_v7\libs\android-support-v7-appcompat.jar;F:\music\MusicApp\libs\gson-2.2.4.jar;F:\music\appcompat_v7\bin\android-support-v7-appcompat.jar;E:\adt-bundle-windows-x86\sdk\tools\support\annotations.jar;F:\music\MusicApp\libs\android-support-v4.jar;E:\eclipse\plugins\org.junit_4.11.0.v201303080030\junit.jar;E:\eclipse\plugins\org.hamcrest.core_1.3.0.v201303031735.jar;/E:/eclipse/configuration/org.eclipse.osgi/456/0/.cp/;/E:/eclipse/configuration/org.eclipse.osgi/455/0/.cp/
Launcher Type: SUN_STANDARD

Environment Variables:
PATH=C:/Program Files/Java/jre1.8.0_25/bin/server;C:/Program Files/Java/jre1.8.0_25/bin;C:/Program Files/Java/jre1.8.0_25/lib/amd64;C:\ProgramData\Oracle\Java\javapath;C:\Program Files (x86)\AMD APP\bin\x86_64;C:\Program Files (x86)\AMD APP\bin\x86;C:\Windows\system32;C:\Windows;C:\Windows\System32\Wbem;C:\Windows\System32\WindowsPowerShell\v1.0\;D:\Program Files\ATI Technologies\ATI.ACE\Core-Static;C:\PROGRA~2\Groovy\GROOVY~1.0\bin;E:\eclipse;
USERNAME=sony
OS=Windows_NT
PROCESSOR_IDENTIFIER=Intel64 Family 6 Model 42 Stepping 7, GenuineIntel



---------------  S Y S T E M  ---------------

OS: Windows 7 , 64 bit Build 7601 Service Pack 1

CPU:total 4 (2 cores per cpu, 2 threads per core) family 6 model 42 stepping 7, cmov, cx8, fxsr, mmx, sse, sse2, sse3, ssse3, sse4.1, sse4.2, popcnt, avx, clmul, ht, tsc, tscinvbit

Memory: 4k page, physical 10467624k(6477024k free), swap 20933396k(16044292k free)

vm_info: Java HotSpot(TM) 64-Bit Server VM (25.25-b02) for windows-amd64 JRE (1.8.0_25-b18), built on Oct  7 2014 14:25:37 by "java_re" with MS VC++ 10.0 (VS2010)

time: Tue Apr 28 17:44:21 2015
elapsed time: 0 seconds (0d 0h 0m 0s)

